<?xml version="1.0" encoding="UTF-8"?>
<testng-results skipped="0" failed="0" ignored="0" total="1" passed="1">
  <reporter-output>
  </reporter-output>
  <suite name="Default suite" duration-ms="22183" started-at="2023-07-14T11:10:34 IST" finished-at="2023-07-14T11:10:56 IST">
    <groups>
    </groups>
    <test name="Default test" duration-ms="22183" started-at="2023-07-14T11:10:34 IST" finished-at="2023-07-14T11:10:56 IST">
      <class name="testscript.Tc8Test">
        <test-method status="PASS" signature="LanchingBrowser()[pri:0, instance:testscript.Tc8Test@ed9d034]" name="LanchingBrowser" is-config="true" duration-ms="6002" started-at="2023-07-14T11:10:34 IST" finished-at="2023-07-14T11:10:40 IST">
          <reporter-output>
          </reporter-output>
        </test-method> <!-- LanchingBrowser -->
        <test-method status="PASS" signature="navigateingToApplication()[pri:0, instance:testscript.Tc8Test@ed9d034]" name="navigateingToApplication" is-config="true" duration-ms="4574" started-at="2023-07-14T11:10:40 IST" finished-at="2023-07-14T11:10:45 IST">
          <reporter-output>
          </reporter-output>
        </test-method> <!-- navigateingToApplication -->
        <test-method status="PASS" signature="newEvent()[pri:0, instance:testscript.Tc8Test@ed9d034]" name="newEvent" duration-ms="10211" started-at="2023-07-14T11:10:45 IST" finished-at="2023-07-14T11:10:55 IST">
          <reporter-output>
          </reporter-output>
        </test-method> <!-- newEvent -->
        <test-method status="PASS" signature="teardownTheBrowser()[pri:0, instance:testscript.Tc8Test@ed9d034]" name="teardownTheBrowser" is-config="true" duration-ms="1099" started-at="2023-07-14T11:10:55 IST" finished-at="2023-07-14T11:10:56 IST">
          <reporter-output>
          </reporter-output>
        </test-method> <!-- teardownTheBrowser -->
      </class> <!-- testscript.Tc8Test -->
    </test> <!-- Default test -->
  </suite> <!-- Default suite -->
</testng-results>
